<?xml version="1.0" encoding="UTF-8"?>
<testsuite name="com.ait.phonebook.LoginTest" tests="1" skipped="0" failures="0" errors="0" timestamp="2023-04-11T11:29:50" hostname="MYWORK" time="1.483">
  <properties/>
  <testcase name="loginRegisteredUserPositiveTest" classname="com.ait.phonebook.LoginTest" time="1.483"/>
  <system-out><![CDATA[]]></system-out>
  <system-err><![CDATA[]]></system-err>
</testsuite>
