<?xml version="1.0" encoding="UTF-8"?>
<testsuite name="com.ait.phonebook.HomePagesTests" tests="1" skipped="0" failures="0" errors="0" timestamp="2023-04-11T11:29:52" hostname="MYWORK" time="0.144">
  <properties/>
  <testcase name="openHomePageTest" classname="com.ait.phonebook.HomePagesTests" time="0.144"/>
  <system-out><![CDATA[]]></system-out>
  <system-err><![CDATA[]]></system-err>
</testsuite>
